2017-10-14 17:27:27 INFO  SignIn:35 - clicking on sign in link
2017-10-14 17:27:29 INFO  SignIn:53 - entering email address to create an account
2017-10-14 17:27:30 INFO  SignIn:73 - Clicking on create an account
2017-10-14 17:27:32 INFO  SignIn:35 - clicking on sign in link
2017-10-14 17:27:33 INFO  SignIn:53 - entering email address to create an account
2017-10-14 17:27:34 INFO  SignIn:73 - Clicking on create an account
2017-10-14 23:25:13 INFO  SignIn:35 - clicking on sign in link
2017-10-14 23:25:28 INFO  SignIn:58 - entering email addredd to all ready registered user text box
2017-10-14 23:25:33 INFO  SignIn:68 - enterign password to password text box
2017-10-14 23:25:45 INFO  SignIn:63 - clicking on sign in button
2017-10-15 20:38:02 INFO  SignIn:35 - clicking on sign in link
2017-10-15 20:38:05 INFO  SignIn:58 - entering email addredd to all ready registered user text box
2017-10-15 20:38:06 INFO  SignIn:68 - enterign password to password text box
2017-10-15 20:38:06 INFO  SignIn:63 - clicking on sign in button
2017-10-19 19:21:06 INFO  SignIn:35 - clicking on sign in link
2017-10-19 19:21:06 INFO  SignIn:35 - clicking on sign in link
2017-10-19 19:21:08 INFO  SignIn:58 - entering email addredd to all ready registered user text box
2017-10-19 19:21:10 INFO  SignIn:53 - entering email address to create an account
2017-10-19 19:21:11 INFO  SignIn:73 - Clicking on create an account
2017-10-19 19:21:14 INFO  SignIn:35 - clicking on sign in link
2017-10-19 19:21:15 INFO  SignIn:53 - entering email address to create an account
2017-10-19 19:21:16 INFO  SignIn:73 - Clicking on create an account
2017-10-19 23:00:04 INFO  SignIn:35 - clicking on sign in link
2017-10-19 23:00:04 INFO  SignIn:53 - entering email address to create an account
2018-03-03 19:14:57 INFO  SignIn:35 - clicking on sign in link
2018-03-03 19:14:57 INFO  SignIn:35 - clicking on sign in link
2018-03-03 19:15:00 INFO  SignIn:58 - entering email addredd to all ready registered user text box
2018-03-03 19:15:05 INFO  SignIn:53 - entering email address to create an account
2018-03-03 19:21:50 INFO  SignIn:35 - clicking on sign in link
2018-03-03 19:21:59 INFO  SignIn:58 - entering email addredd to all ready registered user text box
